<?xml version="1.0" encoding="UTF-8"?>
<testsuites name="jest tests" tests="1" failures="0" errors="0" time="1.804">
  <testsuite name="jupyterlab_apod" errors="0" failures="0" skipped="0" timestamp="2025-06-23T22:19:15" time="1.212" tests="1">
    <testcase classname="jupyterlab_apod should be tested" name="jupyterlab_apod should be tested" time="0.001">
    </testcase>
  </testsuite>
</testsuites>